[debug] [2021-07-27T22:52:56.762Z] ----------------------------------------------------------------------
[debug] [2021-07-27T22:52:56.765Z] Command:       /Users/takayoshikanamoto/.nodebrew/node/v12.20.0/bin/node /Users/takayoshikanamoto/学習用/PF/with-firebase-hosting-app/node_modules/.bin/firebase deploy --only functions,hosting
[debug] [2021-07-27T22:52:56.765Z] CLI Version:   9.16.0
[debug] [2021-07-27T22:52:56.766Z] Platform:      darwin
[debug] [2021-07-27T22:52:56.766Z] Node Version:  v12.20.0
[debug] [2021-07-27T22:52:56.776Z] Time:          Wed Jul 28 2021 07:52:56 GMT+0900 (GMT+09:00)
[debug] [2021-07-27T22:52:56.776Z] ----------------------------------------------------------------------
[debug] 
[debug] [2021-07-27T22:52:56.780Z] >>> [apiv2][query] GET https://firebase-public.firebaseio.com/cli.json [none]
[debug] [2021-07-27T22:52:56.849Z] > command requires scopes: ["email","openid","https://www.googleapis.com/auth/cloudplatformprojects.readonly","https://www.googleapis.com/auth/firebase","https://www.googleapis.com/auth/cloud-platform"]
[debug] [2021-07-27T22:52:56.849Z] > authorizing via signed-in user (osgsmrhao@gmail.com)
[debug] [2021-07-27T22:52:56.849Z] [iam] checking project my-app-cs-f7306 for permissions ["cloudfunctions.functions.create","cloudfunctions.functions.delete","cloudfunctions.functions.get","cloudfunctions.functions.list","cloudfunctions.functions.update","cloudfunctions.operations.get","firebase.projects.get","firebasehosting.sites.update"]
[debug] [2021-07-27T22:52:56.851Z] > refreshing access token with scopes: ["email","https://www.googleapis.com/auth/cloud-platform","https://www.googleapis.com/auth/cloudplatformprojects.readonly","https://www.googleapis.com/auth/firebase","openid"]
[debug] [2021-07-27T22:52:56.851Z] >>> HTTP REQUEST POST https://www.googleapis.com/oauth2/v3/token  
 <request body omitted>
[debug] [2021-07-27T22:52:57.070Z] <<< HTTP RESPONSE 200 {"expires":"Mon, 01 Jan 1990 00:00:00 GMT","date":"Tue, 27 Jul 2021 22:52:57 GMT","cache-control":"no-cache, no-store, max-age=0, must-revalidate","pragma":"no-cache","content-type":"application/json; charset=utf-8","vary":"X-Origin, Referer, Origin,Accept-Encoding","server":"scaffolding on HTTPServer2","x-xss-protection":"0","x-frame-options":"SAMEORIGIN","x-content-type-options":"nosniff","alt-svc":"h3=\":443\"; ma=2592000,h3-29=\":443\"; ma=2592000,h3-T051=\":443\"; ma=2592000,h3-Q050=\":443\"; ma=2592000,h3-Q046=\":443\"; ma=2592000,h3-Q043=\":443\"; ma=2592000,quic=\":443\"; ma=2592000; v=\"46,43\"","accept-ranges":"none","transfer-encoding":"chunked"}
[debug] [2021-07-27T22:52:57.136Z] >>> HTTP REQUEST POST https://cloudresourcemanager.googleapis.com/v1/projects/my-app-cs-f7306:testIamPermissions  
 {"permissions":["cloudfunctions.functions.create","cloudfunctions.functions.delete","cloudfunctions.functions.get","cloudfunctions.functions.list","cloudfunctions.functions.update","cloudfunctions.operations.get","firebase.projects.get","firebasehosting.sites.update"]}
[debug] [2021-07-27T22:52:57.454Z] <<< [apiv2][status] GET https://firebase-public.firebaseio.com/cli.json 200
[debug] [2021-07-27T22:52:57.454Z] <<< [apiv2][body] GET https://firebase-public.firebaseio.com/cli.json {"cloudBuildErrorAfter":1594252800000,"cloudBuildWarnAfter":1590019200000,"defaultNode10After":1594252800000,"minVersion":"3.0.5","node8DeploysDisabledAfter":1613390400000,"node8RuntimeDisabledAfter":1615809600000,"node8WarnAfter":1600128000000}
[debug] [2021-07-27T22:52:57.907Z] <<< HTTP RESPONSE 200 {"content-type":"application/json; charset=UTF-8","vary":"X-Origin, Referer, Origin,Accept-Encoding","date":"Tue, 27 Jul 2021 22:52:57 GMT","server":"ESF","cache-control":"private","x-xss-protection":"0","x-frame-options":"SAMEORIGIN","x-content-type-options":"nosniff","server-timing":"gfet4t7; dur=556","alt-svc":"h3=\":443\"; ma=2592000,h3-29=\":443\"; ma=2592000,h3-T051=\":443\"; ma=2592000,h3-Q050=\":443\"; ma=2592000,h3-Q046=\":443\"; ma=2592000,h3-Q043=\":443\"; ma=2592000,quic=\":443\"; ma=2592000; v=\"46,43\"","accept-ranges":"none","transfer-encoding":"chunked"}
[debug] [2021-07-27T22:52:57.909Z] >>> HTTP REQUEST POST https://iam.googleapis.com/v1/projects/my-app-cs-f7306/serviceAccounts/my-app-cs-f7306@appspot.gserviceaccount.com:testIamPermissions  
 {"permissions":["iam.serviceAccounts.actAs"]}
[debug] [2021-07-27T22:52:58.332Z] <<< HTTP RESPONSE 200 {"content-type":"application/json; charset=UTF-8","vary":"X-Origin, Referer, Origin,Accept-Encoding","date":"Tue, 27 Jul 2021 22:52:58 GMT","server":"ESF","cache-control":"private","x-xss-protection":"0","x-frame-options":"SAMEORIGIN","x-content-type-options":"nosniff","alt-svc":"h3=\":443\"; ma=2592000,h3-29=\":443\"; ma=2592000,h3-T051=\":443\"; ma=2592000,h3-Q050=\":443\"; ma=2592000,h3-Q046=\":443\"; ma=2592000,h3-Q043=\":443\"; ma=2592000,quic=\":443\"; ma=2592000; v=\"46,43\"","accept-ranges":"none","transfer-encoding":"chunked"}
[debug] [2021-07-27T22:52:58.333Z] > refreshing access token with scopes: []
[debug] [2021-07-27T22:52:58.333Z] >>> HTTP REQUEST POST https://www.googleapis.com/oauth2/v3/token  
 <request body omitted>
[debug] [2021-07-27T22:52:58.507Z] <<< HTTP RESPONSE 200 {"cache-control":"no-cache, no-store, max-age=0, must-revalidate","pragma":"no-cache","date":"Tue, 27 Jul 2021 22:52:58 GMT","expires":"Mon, 01 Jan 1990 00:00:00 GMT","content-type":"application/json; charset=utf-8","vary":"X-Origin, Referer, Origin,Accept-Encoding","server":"scaffolding on HTTPServer2","x-xss-protection":"0","x-frame-options":"SAMEORIGIN","x-content-type-options":"nosniff","alt-svc":"h3=\":443\"; ma=2592000,h3-29=\":443\"; ma=2592000,h3-T051=\":443\"; ma=2592000,h3-Q050=\":443\"; ma=2592000,h3-Q046=\":443\"; ma=2592000,h3-Q043=\":443\"; ma=2592000,quic=\":443\"; ma=2592000; v=\"46,43\"","accept-ranges":"none","transfer-encoding":"chunked"}
[debug] [2021-07-27T22:52:58.565Z] >>> [apiv2][query] GET https://firebase.googleapis.com/v1beta1/projects/my-app-cs-f7306 [none]
[debug] [2021-07-27T22:52:59.319Z] <<< [apiv2][status] GET https://firebase.googleapis.com/v1beta1/projects/my-app-cs-f7306 200
[debug] [2021-07-27T22:52:59.319Z] <<< [apiv2][body] GET https://firebase.googleapis.com/v1beta1/projects/my-app-cs-f7306 {"projectId":"my-app-cs-f7306","projectNumber":"167718167070","displayName":"my-app-cs","name":"projects/my-app-cs-f7306","resources":{"hostingSite":"my-app-cs-f7306"},"state":"ACTIVE"}
[info] 
[info] === Deploying to 'my-app-cs-f7306'...
[info] 
[info] i  deploying functions, hosting 
[info] Running command: npm --prefix "$PROJECT_DIR" install
[info] Running command: npm --prefix "$PROJECT_DIR" run build
[info] ✔  functions: Finished running predeploy script. 
[debug] [2021-07-27T22:53:07.547Z] Validating nodejs source
[debug] [2021-07-27T22:53:10.339Z] > [functions] package.json contents: {
  "private": true,
  "main": "firebaseFunctions.js",
  "engines": {
    "node": "12"
  },
  "scripts": {
    "dev": "next src/",
    "build": "next build src/",
    "start": "next start src/",
    "serve": "npm run build && firebase emulators:start --only functions,hosting",
    "shell": "npm run build && firebase functions:shell",
    "deploy": "firebase deploy --only functions,hosting",
    "logs": "firebase functions:log"
  },
  "dependencies": {
    "firebase-admin": "^9.4.2",
    "firebase-functions": "^3.13.1",
    "next": "latest",
    "react": "^17.0.2",
    "react-dom": "^17.0.2"
  },
  "devDependencies": {
    "firebase-functions-test": "^0.2.3",
    "firebase-tools": "^9.3.0"
  },
  "license": "MIT"
}
[debug] [2021-07-27T22:53:10.340Z] Building nodejs source
[info] i  functions: ensuring required API cloudfunctions.googleapis.com is enabled... 
[debug] [2021-07-27T22:53:10.341Z] > refreshing access token with scopes: ["email","https://www.googleapis.com/auth/cloud-platform","https://www.googleapis.com/auth/cloudplatformprojects.readonly","https://www.googleapis.com/auth/firebase","openid"]
[debug] [2021-07-27T22:53:10.341Z] >>> HTTP REQUEST POST https://www.googleapis.com/oauth2/v3/token  
 <request body omitted>
[debug] [2021-07-27T22:53:10.342Z] > refreshing access token with scopes: ["email","https://www.googleapis.com/auth/cloud-platform","https://www.googleapis.com/auth/cloudplatformprojects.readonly","https://www.googleapis.com/auth/firebase","openid"]
[debug] [2021-07-27T22:53:10.342Z] >>> HTTP REQUEST POST https://www.googleapis.com/oauth2/v3/token  
 <request body omitted>
[info] i  functions: ensuring required API cloudbuild.googleapis.com is enabled... 
[debug] [2021-07-27T22:53:10.343Z] > refreshing access token with scopes: ["email","https://www.googleapis.com/auth/cloud-platform","https://www.googleapis.com/auth/cloudplatformprojects.readonly","https://www.googleapis.com/auth/firebase","openid"]
[debug] [2021-07-27T22:53:10.343Z] >>> HTTP REQUEST POST https://www.googleapis.com/oauth2/v3/token  
 <request body omitted>
[debug] [2021-07-27T22:53:10.520Z] <<< HTTP RESPONSE 200 {"expires":"Mon, 01 Jan 1990 00:00:00 GMT","date":"Tue, 27 Jul 2021 22:53:10 GMT","cache-control":"no-cache, no-store, max-age=0, must-revalidate","pragma":"no-cache","content-type":"application/json; charset=utf-8","vary":"X-Origin, Referer, Origin,Accept-Encoding","server":"scaffolding on HTTPServer2","x-xss-protection":"0","x-frame-options":"SAMEORIGIN","x-content-type-options":"nosniff","alt-svc":"h3=\":443\"; ma=2592000,h3-29=\":443\"; ma=2592000,h3-T051=\":443\"; ma=2592000,h3-Q050=\":443\"; ma=2592000,h3-Q046=\":443\"; ma=2592000,h3-Q043=\":443\"; ma=2592000,quic=\":443\"; ma=2592000; v=\"46,43\"","accept-ranges":"none","transfer-encoding":"chunked"}
[debug] [2021-07-27T22:53:10.582Z] >>> HTTP REQUEST GET https://serviceusage.googleapis.com/v1/projects/my-app-cs-f7306/services/cloudfunctions.googleapis.com  
 
[debug] [2021-07-27T22:53:10.588Z] <<< HTTP RESPONSE 200 {"cache-control":"no-cache, no-store, max-age=0, must-revalidate","date":"Tue, 27 Jul 2021 22:53:10 GMT","pragma":"no-cache","expires":"Mon, 01 Jan 1990 00:00:00 GMT","content-type":"application/json; charset=utf-8","vary":"X-Origin, Referer, Origin,Accept-Encoding","server":"scaffolding on HTTPServer2","x-xss-protection":"0","x-frame-options":"SAMEORIGIN","x-content-type-options":"nosniff","alt-svc":"h3=\":443\"; ma=2592000,h3-29=\":443\"; ma=2592000,h3-T051=\":443\"; ma=2592000,h3-Q050=\":443\"; ma=2592000,h3-Q046=\":443\"; ma=2592000,h3-Q043=\":443\"; ma=2592000,quic=\":443\"; ma=2592000; v=\"46,43\"","accept-ranges":"none","transfer-encoding":"chunked"}
[debug] [2021-07-27T22:53:10.644Z] >>> HTTP REQUEST GET https://serviceusage.googleapis.com/v1/projects/my-app-cs-f7306/services/runtimeconfig.googleapis.com  
 
[debug] [2021-07-27T22:53:10.646Z] <<< HTTP RESPONSE 200 {"expires":"Mon, 01 Jan 1990 00:00:00 GMT","pragma":"no-cache","cache-control":"no-cache, no-store, max-age=0, must-revalidate","date":"Tue, 27 Jul 2021 22:53:10 GMT","content-type":"application/json; charset=utf-8","vary":"X-Origin, Referer, Origin,Accept-Encoding","server":"scaffolding on HTTPServer2","x-xss-protection":"0","x-frame-options":"SAMEORIGIN","x-content-type-options":"nosniff","alt-svc":"h3=\":443\"; ma=2592000,h3-29=\":443\"; ma=2592000,h3-T051=\":443\"; ma=2592000,h3-Q050=\":443\"; ma=2592000,h3-Q046=\":443\"; ma=2592000,h3-Q043=\":443\"; ma=2592000,quic=\":443\"; ma=2592000; v=\"46,43\"","accept-ranges":"none","transfer-encoding":"chunked"}
[debug] [2021-07-27T22:53:10.702Z] >>> HTTP REQUEST GET https://serviceusage.googleapis.com/v1/projects/my-app-cs-f7306/services/cloudbuild.googleapis.com  
 
[debug] [2021-07-27T22:53:11.748Z] <<< HTTP RESPONSE 200 {"content-type":"application/json; charset=UTF-8","vary":"X-Origin, Referer, Origin,Accept-Encoding","date":"Tue, 27 Jul 2021 22:53:11 GMT","server":"ESF","cache-control":"private","x-xss-protection":"0","x-frame-options":"SAMEORIGIN","x-content-type-options":"nosniff","alt-svc":"h3=\":443\"; ma=2592000,h3-29=\":443\"; ma=2592000,h3-T051=\":443\"; ma=2592000,h3-Q050=\":443\"; ma=2592000,h3-Q046=\":443\"; ma=2592000,h3-Q043=\":443\"; ma=2592000,quic=\":443\"; ma=2592000; v=\"46,43\"","accept-ranges":"none","transfer-encoding":"chunked"}
[debug] [2021-07-27T22:53:11.813Z] <<< HTTP RESPONSE 200 {"content-type":"application/json; charset=UTF-8","vary":"X-Origin, Referer, Origin,Accept-Encoding","date":"Tue, 27 Jul 2021 22:53:11 GMT","server":"ESF","cache-control":"private","x-xss-protection":"0","x-frame-options":"SAMEORIGIN","x-content-type-options":"nosniff","alt-svc":"h3=\":443\"; ma=2592000,h3-29=\":443\"; ma=2592000,h3-T051=\":443\"; ma=2592000,h3-Q050=\":443\"; ma=2592000,h3-Q046=\":443\"; ma=2592000,h3-Q043=\":443\"; ma=2592000,quic=\":443\"; ma=2592000; v=\"46,43\"","accept-ranges":"none","transfer-encoding":"chunked"}
[info] ✔  functions: required API cloudbuild.googleapis.com is enabled 
[debug] [2021-07-27T22:53:21.731Z] <<< HTTP RESPONSE 200 {"content-type":"application/json; charset=UTF-8","vary":"X-Origin, Referer, Origin,Accept-Encoding","date":"Tue, 27 Jul 2021 22:53:21 GMT","server":"ESF","cache-control":"private","x-xss-protection":"0","x-frame-options":"SAMEORIGIN","x-content-type-options":"nosniff","alt-svc":"h3=\":443\"; ma=2592000,h3-29=\":443\"; ma=2592000,h3-T051=\":443\"; ma=2592000,h3-Q050=\":443\"; ma=2592000,h3-Q046=\":443\"; ma=2592000,h3-Q043=\":443\"; ma=2592000,quic=\":443\"; ma=2592000; v=\"46,43\"","accept-ranges":"none","transfer-encoding":"chunked"}
[info] ✔  functions: required API cloudfunctions.googleapis.com is enabled 
[debug] [2021-07-27T22:53:21.733Z] >>> HTTP REQUEST GET https://firebase.googleapis.com/v1beta1/projects/my-app-cs-f7306/adminSdkConfig  
 
[debug] [2021-07-27T22:53:22.607Z] <<< HTTP RESPONSE 200 {"content-type":"application/json; charset=UTF-8","vary":"X-Origin, Referer, Origin,Accept-Encoding","date":"Tue, 27 Jul 2021 22:53:22 GMT","server":"ESF","cache-control":"private","x-xss-protection":"0","x-frame-options":"SAMEORIGIN","x-content-type-options":"nosniff","alt-svc":"h3=\":443\"; ma=2592000,h3-29=\":443\"; ma=2592000,h3-T051=\":443\"; ma=2592000,h3-Q050=\":443\"; ma=2592000,h3-Q046=\":443\"; ma=2592000,h3-Q043=\":443\"; ma=2592000,quic=\":443\"; ma=2592000; v=\"46,43\"","accept-ranges":"none","transfer-encoding":"chunked"}
[debug] [2021-07-27T22:53:22.608Z] >>> HTTP REQUEST GET https://runtimeconfig.googleapis.com/v1beta1/projects/my-app-cs-f7306/configs  
 
[debug] [2021-07-27T22:53:23.156Z] <<< HTTP RESPONSE 200 {"content-type":"application/json; charset=UTF-8","vary":"X-Origin, Referer, Origin,Accept-Encoding","date":"Tue, 27 Jul 2021 22:53:23 GMT","server":"ESF","cache-control":"private","x-xss-protection":"0","x-frame-options":"SAMEORIGIN","x-content-type-options":"nosniff","alt-svc":"h3=\":443\"; ma=2592000,h3-29=\":443\"; ma=2592000,h3-T051=\":443\"; ma=2592000,h3-Q050=\":443\"; ma=2592000,h3-Q046=\":443\"; ma=2592000,h3-Q043=\":443\"; ma=2592000,quic=\":443\"; ma=2592000; v=\"46,43\"","accept-ranges":"none","transfer-encoding":"chunked"}
[debug] [2021-07-27T22:53:23.157Z] Analyzing nodejs backend spec
[info] i  functions: preparing . directory for uploading... 
[info] i  functions: packaged . (12.93 MB) for uploading 
[debug] [2021-07-27T22:53:24.102Z] >>> HTTP REQUEST GET https://cloudfunctions.googleapis.com/v1/projects/my-app-cs-f7306/locations/-/functions  
 
[debug] [2021-07-27T22:53:24.995Z] <<< HTTP RESPONSE 200 {"content-type":"application/json; charset=UTF-8","vary":"X-Origin, Referer, Origin,Accept-Encoding","date":"Tue, 27 Jul 2021 22:53:25 GMT","server":"ESF","cache-control":"private","x-xss-protection":"0","x-frame-options":"SAMEORIGIN","x-content-type-options":"nosniff","alt-svc":"h3=\":443\"; ma=2592000,h3-29=\":443\"; ma=2592000,h3-T051=\":443\"; ma=2592000,h3-Q050=\":443\"; ma=2592000,h3-Q046=\":443\"; ma=2592000,h3-Q043=\":443\"; ma=2592000,quic=\":443\"; ma=2592000; v=\"46,43\"","accept-ranges":"none","transfer-encoding":"chunked"}
[debug] [2021-07-27T22:53:25.001Z] >>> HTTP REQUEST POST https://firebasehosting.googleapis.com/v1beta1/sites/my-app-cs-f7306/versions  
 {"config":{},"labels":{"deployment-tool":"cli-firebase"}}
[debug] [2021-07-27T22:53:26.306Z] <<< HTTP RESPONSE 200 {"content-type":"application/json; charset=UTF-8","vary":"X-Origin, Referer, Origin,Accept-Encoding","date":"Tue, 27 Jul 2021 22:53:26 GMT","server":"ESF","cache-control":"private","x-xss-protection":"0","x-frame-options":"SAMEORIGIN","x-content-type-options":"nosniff","alt-svc":"h3=\":443\"; ma=2592000,h3-29=\":443\"; ma=2592000,h3-T051=\":443\"; ma=2592000,h3-Q050=\":443\"; ma=2592000,h3-Q046=\":443\"; ma=2592000,h3-Q043=\":443\"; ma=2592000,quic=\":443\"; ma=2592000; v=\"46,43\"","accept-ranges":"none","transfer-encoding":"chunked"}
[debug] [2021-07-27T22:53:26.309Z] >>> HTTP REQUEST POST https://cloudfunctions.googleapis.com/v1/projects/my-app-cs-f7306/locations/us-central1/functions:generateUploadUrl  
 
[debug] [2021-07-27T22:53:27.250Z] <<< HTTP RESPONSE 200 {"content-type":"application/json; charset=UTF-8","vary":"X-Origin, Referer, Origin,Accept-Encoding","date":"Tue, 27 Jul 2021 22:53:27 GMT","server":"ESF","cache-control":"private","x-xss-protection":"0","x-frame-options":"SAMEORIGIN","x-content-type-options":"nosniff","alt-svc":"h3=\":443\"; ma=2592000,h3-29=\":443\"; ma=2592000,h3-T051=\":443\"; ma=2592000,h3-Q050=\":443\"; ma=2592000,h3-Q046=\":443\"; ma=2592000,h3-Q043=\":443\"; ma=2592000,quic=\":443\"; ma=2592000; v=\"46,43\"","accept-ranges":"none","transfer-encoding":"chunked"}
[debug] [2021-07-27T22:53:27.253Z] >>> HTTP REQUEST PUT https://storage.googleapis.com/gcf-upload-us-central1-61ce0b32-dcf8-499f-84b9-60b80f7c13d2/aa1daf35-691a-4525-96cf-39713ea03e83.zip?GoogleAccessId=service-167718167070@gcf-admin-robot.iam.gserviceaccount.com&Expires=1627428207&Signature=rMIT2s7SbEDimjZ4nAIpAz5B2WT4q2pbEpODN2EWTKLu7CT6Ko5CbR%2FlB4Osx2dzyhsStLMvXUMMKHviIeq%2BNWSaU6%2Fn1jVLIp9AugFnpVJ0lO2hYZOpFjmLX88nexqScL48XTjwQtiEF21OalYBuo6pgxImCuZYfQvzZdXXzcYH86mj98fJmSQI5dZtQQw%2FFC1glqr1izy7VT7l3rpAP3ePsjsP5IkGmrZDpQNxemxdqYFuCLyfUCzEGEMHy3YbJA4Ckq79K3W6dPGNBTMJV36hcA81bhwN3GhVV5VTfyNCI86Ygs9PjXTRxQII9ll%2BYuOy%2FYR3aaHB1Qy2kFqIgw%3D%3D  
 <request body omitted>
[debug] [2021-07-27T22:53:31.955Z] <<< HTTP RESPONSE 200 {"x-guploader-uploadid":"ADPycdtd0xbXadDUgSu5SyJum4YH3gQ5686iKCyGlLWcxqPOgS9rS_T0phoh0DkVYL4DyeilE9MJRoX0lx_KQhpP7uw","etag":"\"37e4050c4fd99c562bc9762c34e5c0b8\"","x-goog-generation":"1627426411854154","x-goog-metageneration":"1","x-goog-hash":"crc32c=pwzdYg==, md5=N+QFDE/ZnFYryXYsNOXAuA==","x-goog-stored-content-length":"13561059","x-goog-stored-content-encoding":"identity","vary":"Origin","content-length":"0","date":"Tue, 27 Jul 2021 22:53:31 GMT","server":"UploadServer","content-type":"text/html; charset=UTF-8","alt-svc":"h3=\":443\"; ma=2592000,h3-29=\":443\"; ma=2592000,h3-T051=\":443\"; ma=2592000,h3-Q050=\":443\"; ma=2592000,h3-Q046=\":443\"; ma=2592000,h3-Q043=\":443\"; ma=2592000,quic=\":443\"; ma=2592000; v=\"46,43\""}
[info] ✔  functions: . folder uploaded successfully 
[info] i  hosting[my-app-cs-f7306]: beginning deploy... 
[info] i  hosting[my-app-cs-f7306]: found 2 files in build 
[debug] [2021-07-27T22:53:31.969Z] > refreshing access token with scopes: []
[debug] [2021-07-27T22:53:31.969Z] >>> HTTP REQUEST POST https://www.googleapis.com/oauth2/v3/token  
 <request body omitted>
[debug] [2021-07-27T22:53:31.972Z] [hosting] hash cache [YnVpbGQ] stored for 2 files
[debug] [2021-07-27T22:53:31.972Z] [hosting][hash queue][FINAL] {"max":0,"min":0,"avg":0,"active":0,"complete":2,"success":2,"errored":0,"retried":0,"total":2,"elapsed":6}
[debug] [2021-07-27T22:53:32.167Z] <<< HTTP RESPONSE 200 {"expires":"Mon, 01 Jan 1990 00:00:00 GMT","date":"Tue, 27 Jul 2021 22:53:32 GMT","cache-control":"no-cache, no-store, max-age=0, must-revalidate","pragma":"no-cache","content-type":"application/json; charset=utf-8","vary":"X-Origin, Referer, Origin,Accept-Encoding","server":"scaffolding on HTTPServer2","x-xss-protection":"0","x-frame-options":"SAMEORIGIN","x-content-type-options":"nosniff","alt-svc":"h3=\":443\"; ma=2592000,h3-29=\":443\"; ma=2592000,h3-T051=\":443\"; ma=2592000,h3-Q050=\":443\"; ma=2592000,h3-Q046=\":443\"; ma=2592000,h3-Q043=\":443\"; ma=2592000,quic=\":443\"; ma=2592000; v=\"46,43\"","accept-ranges":"none","transfer-encoding":"chunked"}
[debug] [2021-07-27T22:53:32.210Z] >>> [apiv2][query] POST https://firebasehosting.googleapis.com/v1beta1/sites/my-app-cs-f7306/versions/3637e5df81ab35ba:populateFiles [none]
[debug] [2021-07-27T22:53:32.210Z] >>> [apiv2][body] POST https://firebasehosting.googleapis.com/v1beta1/sites/my-app-cs-f7306/versions/3637e5df81ab35ba:populateFiles {"files":{"/404.html":"05cbc6f94d7a69ce2e29646eab13be2c884e61ba93e3094df5028866876d18b3","/index.html":"f720c9477c4f7d7a4f266f9f0f7245c385fa42c0efc34aac84530f1081342c25"}}
[debug] [2021-07-27T22:53:33.291Z] <<< [apiv2][status] POST https://firebasehosting.googleapis.com/v1beta1/sites/my-app-cs-f7306/versions/3637e5df81ab35ba:populateFiles 200
[debug] [2021-07-27T22:53:33.291Z] <<< [apiv2][body] POST https://firebasehosting.googleapis.com/v1beta1/sites/my-app-cs-f7306/versions/3637e5df81ab35ba:populateFiles {"uploadUrl":"https://upload-firebasehosting.googleapis.com/upload/sites/my-app-cs-f7306/versions/3637e5df81ab35ba/files"}
[debug] [2021-07-27T22:53:33.292Z] [hosting][populate queue][FINAL] {"max":1324,"min":1324,"avg":1324,"active":0,"complete":1,"success":1,"errored":0,"retried":0,"total":1,"elapsed":1324}
[debug] [2021-07-27T22:53:33.292Z] [hosting] uploads queued: 0
[debug] [2021-07-27T22:53:33.292Z] [hosting][upload queue][FINAL] {"max":0,"min":9999999999,"avg":0,"active":0,"complete":0,"success":0,"errored":0,"retried":0,"total":0,"elapsed":1627426413292}
[info] ✔  hosting[my-app-cs-f7306]: file upload complete 
[debug] [2021-07-27T22:53:33.293Z] [hosting] deploy completed after 1335ms
[info] i  functions: updating Node.js 12 function nextjsFunc(us-central1)... 
[debug] [2021-07-27T22:53:33.301Z] > refreshing access token with scopes: ["email","https://www.googleapis.com/auth/cloud-platform","https://www.googleapis.com/auth/cloudplatformprojects.readonly","https://www.googleapis.com/auth/firebase","openid"]
[debug] [2021-07-27T22:53:33.301Z] >>> HTTP REQUEST POST https://www.googleapis.com/oauth2/v3/token  
 <request body omitted>
[debug] [2021-07-27T22:53:33.468Z] <<< HTTP RESPONSE 200 {"pragma":"no-cache","expires":"Mon, 01 Jan 1990 00:00:00 GMT","date":"Tue, 27 Jul 2021 22:53:33 GMT","cache-control":"no-cache, no-store, max-age=0, must-revalidate","content-type":"application/json; charset=utf-8","vary":"X-Origin, Referer, Origin,Accept-Encoding","server":"scaffolding on HTTPServer2","x-xss-protection":"0","x-frame-options":"SAMEORIGIN","x-content-type-options":"nosniff","alt-svc":"h3=\":443\"; ma=2592000,h3-29=\":443\"; ma=2592000,h3-T051=\":443\"; ma=2592000,h3-Q050=\":443\"; ma=2592000,h3-Q046=\":443\"; ma=2592000,h3-Q043=\":443\"; ma=2592000,quic=\":443\"; ma=2592000; v=\"46,43\"","accept-ranges":"none","transfer-encoding":"chunked"}
[debug] [2021-07-27T22:53:33.524Z] >>> HTTP REQUEST PATCH https://cloudfunctions.googleapis.com/v1/projects/my-app-cs-f7306/locations/us-central1/functions/nextjsFunc {"updateMask":"name,sourceUploadUrl,entryPoint,runtime,httpsTrigger.securityLevel,labels,environmentVariables"} 
 {"name":"projects/my-app-cs-f7306/locations/us-central1/functions/nextjsFunc","sourceUploadUrl":"https://storage.googleapis.com/gcf-upload-us-central1-61ce0b32-dcf8-499f-84b9-60b80f7c13d2/aa1daf35-691a-4525-96cf-39713ea03e83.zip?GoogleAccessId=service-167718167070@gcf-admin-robot.iam.gserviceaccount.com&Expires=1627428207&Signature=rMIT2s7SbEDimjZ4nAIpAz5B2WT4q2pbEpODN2EWTKLu7CT6Ko5CbR%2FlB4Osx2dzyhsStLMvXUMMKHviIeq%2BNWSaU6%2Fn1jVLIp9AugFnpVJ0lO2hYZOpFjmLX88nexqScL48XTjwQtiEF21OalYBuo6pgxImCuZYfQvzZdXXzcYH86mj98fJmSQI5dZtQQw%2FFC1glqr1izy7VT7l3rpAP3ePsjsP5IkGmrZDpQNxemxdqYFuCLyfUCzEGEMHy3YbJA4Ckq79K3W6dPGNBTMJV36hcA81bhwN3GhVV5VTfyNCI86Ygs9PjXTRxQII9ll%2BYuOy%2FYR3aaHB1Qy2kFqIgw%3D%3D","entryPoint":"nextjsFunc","runtime":"nodejs12","httpsTrigger":{"securityLevel":"SECURE_OPTIONAL"},"labels":{"deployment-tool":"cli-firebase"},"environmentVariables":{"FIREBASE_CONFIG":"{\"projectId\":\"my-app-cs-f7306\",\"storageBucket\":\"my-app-cs-f7306.appspot.com\"}"}}
[debug] [2021-07-27T22:53:34.264Z] <<< HTTP RESPONSE 200 {"content-type":"application/json; charset=UTF-8","vary":"X-Origin, Referer, Origin,Accept-Encoding","date":"Tue, 27 Jul 2021 22:53:34 GMT","server":"ESF","cache-control":"private","x-xss-protection":"0","x-frame-options":"SAMEORIGIN","x-content-type-options":"nosniff","alt-svc":"h3=\":443\"; ma=2592000,h3-29=\":443\"; ma=2592000,h3-T051=\":443\"; ma=2592000,h3-Q050=\":443\"; ma=2592000,h3-Q046=\":443\"; ma=2592000,h3-Q043=\":443\"; ma=2592000,quic=\":443\"; ma=2592000; v=\"46,43\"","accept-ranges":"none","transfer-encoding":"chunked"}
[debug] [2021-07-27T22:53:34.266Z] > refreshing access token with scopes: []
[debug] [2021-07-27T22:53:34.266Z] >>> HTTP REQUEST POST https://www.googleapis.com/oauth2/v3/token  
 <request body omitted>
[debug] [2021-07-27T22:53:34.456Z] <<< HTTP RESPONSE 200 {"expires":"Mon, 01 Jan 1990 00:00:00 GMT","date":"Tue, 27 Jul 2021 22:53:34 GMT","pragma":"no-cache","cache-control":"no-cache, no-store, max-age=0, must-revalidate","content-type":"application/json; charset=utf-8","vary":"X-Origin, Referer, Origin,Accept-Encoding","server":"scaffolding on HTTPServer2","x-xss-protection":"0","x-frame-options":"SAMEORIGIN","x-content-type-options":"nosniff","alt-svc":"h3=\":443\"; ma=2592000,h3-29=\":443\"; ma=2592000,h3-T051=\":443\"; ma=2592000,h3-Q050=\":443\"; ma=2592000,h3-Q046=\":443\"; ma=2592000,h3-Q043=\":443\"; ma=2592000,quic=\":443\"; ma=2592000; v=\"46,43\"","accept-ranges":"none","transfer-encoding":"chunked"}
[debug] [2021-07-27T22:53:34.500Z] >>> [apiv2][query] GET https://cloudfunctions.googleapis.com/v1/operations/bXktYXBwLWNzLWY3MzA2L3VzLWNlbnRyYWwxL25leHRqc0Z1bmMvMDRuT1daaFg5bE0 [none]
[debug] [2021-07-27T22:53:34.918Z] <<< [apiv2][status] GET https://cloudfunctions.googleapis.com/v1/operations/bXktYXBwLWNzLWY3MzA2L3VzLWNlbnRyYWwxL25leHRqc0Z1bmMvMDRuT1daaFg5bE0 200
[debug] [2021-07-27T22:53:34.918Z] <<< [apiv2][body] GET https://cloudfunctions.googleapis.com/v1/operations/bXktYXBwLWNzLWY3MzA2L3VzLWNlbnRyYWwxL25leHRqc0Z1bmMvMDRuT1daaFg5bE0 {"name":"operations/bXktYXBwLWNzLWY3MzA2L3VzLWNlbnRyYWwxL25leHRqc0Z1bmMvMDRuT1daaFg5bE0","metadata":{"@type":"type.googleapis.com/google.cloud.functions.v1.OperationMetadataV1","target":"projects/my-app-cs-f7306/locations/us-central1/functions/nextjsFunc","type":"UPDATE_FUNCTION","request":{"@type":"type.googleapis.com/google.cloud.functions.v1.CloudFunction","name":"projects/my-app-cs-f7306/locations/us-central1/functions/nextjsFunc","httpsTrigger":{"url":"https://us-central1-my-app-cs-f7306.cloudfunctions.net/nextjsFunc","securityLevel":"SECURE_OPTIONAL"},"status":"ACTIVE","entryPoint":"nextjsFunc","timeout":"60s","availableMemoryMb":256,"serviceAccountEmail":"my-app-cs-f7306@appspot.gserviceaccount.com","updateTime":"2021-07-27T22:02:56.249Z","versionId":"4","labels":{"deployment-tool":"cli-firebase"},"sourceUploadUrl":"https://storage.googleapis.com/gcf-upload-us-central1-61ce0b32-dcf8-499f-84b9-60b80f7c13d2/aa1daf35-691a-4525-96cf-39713ea03e83.zip?GoogleAccessId=service-167718167070@gcf-admin-robot.iam.gserviceaccount.com&Expires=1627428207&Signature=rMIT2s7SbEDimjZ4nAIpAz5B2WT4q2pbEpODN2EWTKLu7CT6Ko5CbR%2FlB4Osx2dzyhsStLMvXUMMKHviIeq%2BNWSaU6%2Fn1jVLIp9AugFnpVJ0lO2hYZOpFjmLX88nexqScL48XTjwQtiEF21OalYBuo6pgxImCuZYfQvzZdXXzcYH86mj98fJmSQI5dZtQQw%2FFC1glqr1izy7VT7l3rpAP3ePsjsP5IkGmrZDpQNxemxdqYFuCLyfUCzEGEMHy3YbJA4Ckq79K3W6dPGNBTMJV36hcA81bhwN3GhVV5VTfyNCI86Ygs9PjXTRxQII9ll%2BYuOy%2FYR3aaHB1Qy2kFqIgw%3D%3D","environmentVariables":{"FIREBASE_CONFIG":"{\"projectId\":\"my-app-cs-f7306\",\"storageBucket\":\"my-app-cs-f7306.appspot.com\"}"},"runtime":"nodejs12","ingressSettings":"ALLOW_ALL","buildId":"db94b9a4-7cc3-41f9-b045-450a539201bc"},"versionId":"5","updateTime":"2021-07-27T22:53:34Z","buildName":"projects/167718167070/locations/us-central1/builds/db94b9a4-7cc3-41f9-b045-450a539201bc"}}
[debug] [2021-07-27T22:53:35.424Z] [update-projects/my-app-cs-f7306/locations/us-central1/functions/nextjsFunc] Retrying task index 0
[debug] [2021-07-27T22:53:35.424Z] >>> [apiv2][query] GET https://cloudfunctions.googleapis.com/v1/operations/bXktYXBwLWNzLWY3MzA2L3VzLWNlbnRyYWwxL25leHRqc0Z1bmMvMDRuT1daaFg5bE0 [none]
[debug] [2021-07-27T22:53:36.017Z] <<< [apiv2][status] GET https://cloudfunctions.googleapis.com/v1/operations/bXktYXBwLWNzLWY3MzA2L3VzLWNlbnRyYWwxL25leHRqc0Z1bmMvMDRuT1daaFg5bE0 200
[debug] [2021-07-27T22:53:36.018Z] <<< [apiv2][body] GET https://cloudfunctions.googleapis.com/v1/operations/bXktYXBwLWNzLWY3MzA2L3VzLWNlbnRyYWwxL25leHRqc0Z1bmMvMDRuT1daaFg5bE0 {"name":"operations/bXktYXBwLWNzLWY3MzA2L3VzLWNlbnRyYWwxL25leHRqc0Z1bmMvMDRuT1daaFg5bE0","metadata":{"@type":"type.googleapis.com/google.cloud.functions.v1.OperationMetadataV1","target":"projects/my-app-cs-f7306/locations/us-central1/functions/nextjsFunc","type":"UPDATE_FUNCTION","request":{"@type":"type.googleapis.com/google.cloud.functions.v1.CloudFunction","name":"projects/my-app-cs-f7306/locations/us-central1/functions/nextjsFunc","httpsTrigger":{"url":"https://us-central1-my-app-cs-f7306.cloudfunctions.net/nextjsFunc","securityLevel":"SECURE_OPTIONAL"},"status":"ACTIVE","entryPoint":"nextjsFunc","timeout":"60s","availableMemoryMb":256,"serviceAccountEmail":"my-app-cs-f7306@appspot.gserviceaccount.com","updateTime":"2021-07-27T22:02:56.249Z","versionId":"4","labels":{"deployment-tool":"cli-firebase"},"sourceUploadUrl":"https://storage.googleapis.com/gcf-upload-us-central1-61ce0b32-dcf8-499f-84b9-60b80f7c13d2/aa1daf35-691a-4525-96cf-39713ea03e83.zip?GoogleAccessId=service-167718167070@gcf-admin-robot.iam.gserviceaccount.com&Expires=1627428207&Signature=rMIT2s7SbEDimjZ4nAIpAz5B2WT4q2pbEpODN2EWTKLu7CT6Ko5CbR%2FlB4Osx2dzyhsStLMvXUMMKHviIeq%2BNWSaU6%2Fn1jVLIp9AugFnpVJ0lO2hYZOpFjmLX88nexqScL48XTjwQtiEF21OalYBuo6pgxImCuZYfQvzZdXXzcYH86mj98fJmSQI5dZtQQw%2FFC1glqr1izy7VT7l3rpAP3ePsjsP5IkGmrZDpQNxemxdqYFuCLyfUCzEGEMHy3YbJA4Ckq79K3W6dPGNBTMJV36hcA81bhwN3GhVV5VTfyNCI86Ygs9PjXTRxQII9ll%2BYuOy%2FYR3aaHB1Qy2kFqIgw%3D%3D","environmentVariables":{"FIREBASE_CONFIG":"{\"projectId\":\"my-app-cs-f7306\",\"storageBucket\":\"my-app-cs-f7306.appspot.com\"}"},"runtime":"nodejs12","ingressSettings":"ALLOW_ALL","buildId":"db94b9a4-7cc3-41f9-b045-450a539201bc"},"versionId":"5","updateTime":"2021-07-27T22:53:34Z","buildId":"1086efc8-de89-453b-b1c5-eeaa962a76eb","buildName":"projects/167718167070/locations/us-central1/builds/1086efc8-de89-453b-b1c5-eeaa962a76eb"}}
[debug] [2021-07-27T22:53:37.023Z] [update-projects/my-app-cs-f7306/locations/us-central1/functions/nextjsFunc] Retrying task index 0
[debug] [2021-07-27T22:53:37.024Z] >>> [apiv2][query] GET https://cloudfunctions.googleapis.com/v1/operations/bXktYXBwLWNzLWY3MzA2L3VzLWNlbnRyYWwxL25leHRqc0Z1bmMvMDRuT1daaFg5bE0 [none]
[debug] [2021-07-27T22:53:37.586Z] <<< [apiv2][status] GET https://cloudfunctions.googleapis.com/v1/operations/bXktYXBwLWNzLWY3MzA2L3VzLWNlbnRyYWwxL25leHRqc0Z1bmMvMDRuT1daaFg5bE0 200
[debug] [2021-07-27T22:53:37.586Z] <<< [apiv2][body] GET https://cloudfunctions.googleapis.com/v1/operations/bXktYXBwLWNzLWY3MzA2L3VzLWNlbnRyYWwxL25leHRqc0Z1bmMvMDRuT1daaFg5bE0 {"name":"operations/bXktYXBwLWNzLWY3MzA2L3VzLWNlbnRyYWwxL25leHRqc0Z1bmMvMDRuT1daaFg5bE0","metadata":{"@type":"type.googleapis.com/google.cloud.functions.v1.OperationMetadataV1","target":"projects/my-app-cs-f7306/locations/us-central1/functions/nextjsFunc","type":"UPDATE_FUNCTION","request":{"@type":"type.googleapis.com/google.cloud.functions.v1.CloudFunction","name":"projects/my-app-cs-f7306/locations/us-central1/functions/nextjsFunc","httpsTrigger":{"url":"https://us-central1-my-app-cs-f7306.cloudfunctions.net/nextjsFunc","securityLevel":"SECURE_OPTIONAL"},"status":"ACTIVE","entryPoint":"nextjsFunc","timeout":"60s","availableMemoryMb":256,"serviceAccountEmail":"my-app-cs-f7306@appspot.gserviceaccount.com","updateTime":"2021-07-27T22:02:56.249Z","versionId":"4","labels":{"deployment-tool":"cli-firebase"},"sourceUploadUrl":"https://storage.googleapis.com/gcf-upload-us-central1-61ce0b32-dcf8-499f-84b9-60b80f7c13d2/aa1daf35-691a-4525-96cf-39713ea03e83.zip?GoogleAccessId=service-167718167070@gcf-admin-robot.iam.gserviceaccount.com&Expires=1627428207&Signature=rMIT2s7SbEDimjZ4nAIpAz5B2WT4q2pbEpODN2EWTKLu7CT6Ko5CbR%2FlB4Osx2dzyhsStLMvXUMMKHviIeq%2BNWSaU6%2Fn1jVLIp9AugFnpVJ0lO2hYZOpFjmLX88nexqScL48XTjwQtiEF21OalYBuo6pgxImCuZYfQvzZdXXzcYH86mj98fJmSQI5dZtQQw%2FFC1glqr1izy7VT7l3rpAP3ePsjsP5IkGmrZDpQNxemxdqYFuCLyfUCzEGEMHy3YbJA4Ckq79K3W6dPGNBTMJV36hcA81bhwN3GhVV5VTfyNCI86Ygs9PjXTRxQII9ll%2BYuOy%2FYR3aaHB1Qy2kFqIgw%3D%3D","environmentVariables":{"FIREBASE_CONFIG":"{\"projectId\":\"my-app-cs-f7306\",\"storageBucket\":\"my-app-cs-f7306.appspot.com\"}"},"runtime":"nodejs12","ingressSettings":"ALLOW_ALL","buildId":"db94b9a4-7cc3-41f9-b045-450a539201bc"},"versionId":"5","updateTime":"2021-07-27T22:53:34Z","buildId":"1086efc8-de89-453b-b1c5-eeaa962a76eb","buildName":"projects/167718167070/locations/us-central1/builds/1086efc8-de89-453b-b1c5-eeaa962a76eb"}}
[debug] [2021-07-27T22:53:39.589Z] [update-projects/my-app-cs-f7306/locations/us-central1/functions/nextjsFunc] Retrying task index 0
[debug] [2021-07-27T22:53:39.589Z] >>> [apiv2][query] GET https://cloudfunctions.googleapis.com/v1/operations/bXktYXBwLWNzLWY3MzA2L3VzLWNlbnRyYWwxL25leHRqc0Z1bmMvMDRuT1daaFg5bE0 [none]
[debug] [2021-07-27T22:53:40.293Z] <<< [apiv2][status] GET https://cloudfunctions.googleapis.com/v1/operations/bXktYXBwLWNzLWY3MzA2L3VzLWNlbnRyYWwxL25leHRqc0Z1bmMvMDRuT1daaFg5bE0 200
[debug] [2021-07-27T22:53:40.293Z] <<< [apiv2][body] GET https://cloudfunctions.googleapis.com/v1/operations/bXktYXBwLWNzLWY3MzA2L3VzLWNlbnRyYWwxL25leHRqc0Z1bmMvMDRuT1daaFg5bE0 {"name":"operations/bXktYXBwLWNzLWY3MzA2L3VzLWNlbnRyYWwxL25leHRqc0Z1bmMvMDRuT1daaFg5bE0","metadata":{"@type":"type.googleapis.com/google.cloud.functions.v1.OperationMetadataV1","target":"projects/my-app-cs-f7306/locations/us-central1/functions/nextjsFunc","type":"UPDATE_FUNCTION","request":{"@type":"type.googleapis.com/google.cloud.functions.v1.CloudFunction","name":"projects/my-app-cs-f7306/locations/us-central1/functions/nextjsFunc","httpsTrigger":{"url":"https://us-central1-my-app-cs-f7306.cloudfunctions.net/nextjsFunc","securityLevel":"SECURE_OPTIONAL"},"status":"ACTIVE","entryPoint":"nextjsFunc","timeout":"60s","availableMemoryMb":256,"serviceAccountEmail":"my-app-cs-f7306@appspot.gserviceaccount.com","updateTime":"2021-07-27T22:02:56.249Z","versionId":"4","labels":{"deployment-tool":"cli-firebase"},"sourceUploadUrl":"https://storage.googleapis.com/gcf-upload-us-central1-61ce0b32-dcf8-499f-84b9-60b80f7c13d2/aa1daf35-691a-4525-96cf-39713ea03e83.zip?GoogleAccessId=service-167718167070@gcf-admin-robot.iam.gserviceaccount.com&Expires=1627428207&Signature=rMIT2s7SbEDimjZ4nAIpAz5B2WT4q2pbEpODN2EWTKLu7CT6Ko5CbR%2FlB4Osx2dzyhsStLMvXUMMKHviIeq%2BNWSaU6%2Fn1jVLIp9AugFnpVJ0lO2hYZOpFjmLX88nexqScL48XTjwQtiEF21OalYBuo6pgxImCuZYfQvzZdXXzcYH86mj98fJmSQI5dZtQQw%2FFC1glqr1izy7VT7l3rpAP3ePsjsP5IkGmrZDpQNxemxdqYFuCLyfUCzEGEMHy3YbJA4Ckq79K3W6dPGNBTMJV36hcA81bhwN3GhVV5VTfyNCI86Ygs9PjXTRxQII9ll%2BYuOy%2FYR3aaHB1Qy2kFqIgw%3D%3D","environmentVariables":{"FIREBASE_CONFIG":"{\"projectId\":\"my-app-cs-f7306\",\"storageBucket\":\"my-app-cs-f7306.appspot.com\"}"},"runtime":"nodejs12","ingressSettings":"ALLOW_ALL","buildId":"db94b9a4-7cc3-41f9-b045-450a539201bc"},"versionId":"5","updateTime":"2021-07-27T22:53:34Z","buildId":"1086efc8-de89-453b-b1c5-eeaa962a76eb","buildName":"projects/167718167070/locations/us-central1/builds/1086efc8-de89-453b-b1c5-eeaa962a76eb"}}
[debug] [2021-07-27T22:53:44.298Z] [update-projects/my-app-cs-f7306/locations/us-central1/functions/nextjsFunc] Retrying task index 0
[debug] [2021-07-27T22:53:44.298Z] >>> [apiv2][query] GET https://cloudfunctions.googleapis.com/v1/operations/bXktYXBwLWNzLWY3MzA2L3VzLWNlbnRyYWwxL25leHRqc0Z1bmMvMDRuT1daaFg5bE0 [none]
[debug] [2021-07-27T22:53:44.716Z] <<< [apiv2][status] GET https://cloudfunctions.googleapis.com/v1/operations/bXktYXBwLWNzLWY3MzA2L3VzLWNlbnRyYWwxL25leHRqc0Z1bmMvMDRuT1daaFg5bE0 200
[debug] [2021-07-27T22:53:44.716Z] <<< [apiv2][body] GET https://cloudfunctions.googleapis.com/v1/operations/bXktYXBwLWNzLWY3MzA2L3VzLWNlbnRyYWwxL25leHRqc0Z1bmMvMDRuT1daaFg5bE0 {"name":"operations/bXktYXBwLWNzLWY3MzA2L3VzLWNlbnRyYWwxL25leHRqc0Z1bmMvMDRuT1daaFg5bE0","metadata":{"@type":"type.googleapis.com/google.cloud.functions.v1.OperationMetadataV1","target":"projects/my-app-cs-f7306/locations/us-central1/functions/nextjsFunc","type":"UPDATE_FUNCTION","request":{"@type":"type.googleapis.com/google.cloud.functions.v1.CloudFunction","name":"projects/my-app-cs-f7306/locations/us-central1/functions/nextjsFunc","httpsTrigger":{"url":"https://us-central1-my-app-cs-f7306.cloudfunctions.net/nextjsFunc","securityLevel":"SECURE_OPTIONAL"},"status":"ACTIVE","entryPoint":"nextjsFunc","timeout":"60s","availableMemoryMb":256,"serviceAccountEmail":"my-app-cs-f7306@appspot.gserviceaccount.com","updateTime":"2021-07-27T22:02:56.249Z","versionId":"4","labels":{"deployment-tool":"cli-firebase"},"sourceUploadUrl":"https://storage.googleapis.com/gcf-upload-us-central1-61ce0b32-dcf8-499f-84b9-60b80f7c13d2/aa1daf35-691a-4525-96cf-39713ea03e83.zip?GoogleAccessId=service-167718167070@gcf-admin-robot.iam.gserviceaccount.com&Expires=1627428207&Signature=rMIT2s7SbEDimjZ4nAIpAz5B2WT4q2pbEpODN2EWTKLu7CT6Ko5CbR%2FlB4Osx2dzyhsStLMvXUMMKHviIeq%2BNWSaU6%2Fn1jVLIp9AugFnpVJ0lO2hYZOpFjmLX88nexqScL48XTjwQtiEF21OalYBuo6pgxImCuZYfQvzZdXXzcYH86mj98fJmSQI5dZtQQw%2FFC1glqr1izy7VT7l3rpAP3ePsjsP5IkGmrZDpQNxemxdqYFuCLyfUCzEGEMHy3YbJA4Ckq79K3W6dPGNBTMJV36hcA81bhwN3GhVV5VTfyNCI86Ygs9PjXTRxQII9ll%2BYuOy%2FYR3aaHB1Qy2kFqIgw%3D%3D","environmentVariables":{"FIREBASE_CONFIG":"{\"projectId\":\"my-app-cs-f7306\",\"storageBucket\":\"my-app-cs-f7306.appspot.com\"}"},"runtime":"nodejs12","ingressSettings":"ALLOW_ALL","buildId":"db94b9a4-7cc3-41f9-b045-450a539201bc"},"versionId":"5","updateTime":"2021-07-27T22:53:34Z","buildId":"1086efc8-de89-453b-b1c5-eeaa962a76eb","buildName":"projects/167718167070/locations/us-central1/builds/1086efc8-de89-453b-b1c5-eeaa962a76eb"}}
[debug] [2021-07-27T22:53:52.719Z] [update-projects/my-app-cs-f7306/locations/us-central1/functions/nextjsFunc] Retrying task index 0
[debug] [2021-07-27T22:53:52.719Z] >>> [apiv2][query] GET https://cloudfunctions.googleapis.com/v1/operations/bXktYXBwLWNzLWY3MzA2L3VzLWNlbnRyYWwxL25leHRqc0Z1bmMvMDRuT1daaFg5bE0 [none]
[debug] [2021-07-27T22:53:53.140Z] <<< [apiv2][status] GET https://cloudfunctions.googleapis.com/v1/operations/bXktYXBwLWNzLWY3MzA2L3VzLWNlbnRyYWwxL25leHRqc0Z1bmMvMDRuT1daaFg5bE0 200
[debug] [2021-07-27T22:53:53.140Z] <<< [apiv2][body] GET https://cloudfunctions.googleapis.com/v1/operations/bXktYXBwLWNzLWY3MzA2L3VzLWNlbnRyYWwxL25leHRqc0Z1bmMvMDRuT1daaFg5bE0 {"name":"operations/bXktYXBwLWNzLWY3MzA2L3VzLWNlbnRyYWwxL25leHRqc0Z1bmMvMDRuT1daaFg5bE0","metadata":{"@type":"type.googleapis.com/google.cloud.functions.v1.OperationMetadataV1","target":"projects/my-app-cs-f7306/locations/us-central1/functions/nextjsFunc","type":"UPDATE_FUNCTION","request":{"@type":"type.googleapis.com/google.cloud.functions.v1.CloudFunction","name":"projects/my-app-cs-f7306/locations/us-central1/functions/nextjsFunc","httpsTrigger":{"url":"https://us-central1-my-app-cs-f7306.cloudfunctions.net/nextjsFunc","securityLevel":"SECURE_OPTIONAL"},"status":"ACTIVE","entryPoint":"nextjsFunc","timeout":"60s","availableMemoryMb":256,"serviceAccountEmail":"my-app-cs-f7306@appspot.gserviceaccount.com","updateTime":"2021-07-27T22:02:56.249Z","versionId":"4","labels":{"deployment-tool":"cli-firebase"},"sourceUploadUrl":"https://storage.googleapis.com/gcf-upload-us-central1-61ce0b32-dcf8-499f-84b9-60b80f7c13d2/aa1daf35-691a-4525-96cf-39713ea03e83.zip?GoogleAccessId=service-167718167070@gcf-admin-robot.iam.gserviceaccount.com&Expires=1627428207&Signature=rMIT2s7SbEDimjZ4nAIpAz5B2WT4q2pbEpODN2EWTKLu7CT6Ko5CbR%2FlB4Osx2dzyhsStLMvXUMMKHviIeq%2BNWSaU6%2Fn1jVLIp9AugFnpVJ0lO2hYZOpFjmLX88nexqScL48XTjwQtiEF21OalYBuo6pgxImCuZYfQvzZdXXzcYH86mj98fJmSQI5dZtQQw%2FFC1glqr1izy7VT7l3rpAP3ePsjsP5IkGmrZDpQNxemxdqYFuCLyfUCzEGEMHy3YbJA4Ckq79K3W6dPGNBTMJV36hcA81bhwN3GhVV5VTfyNCI86Ygs9PjXTRxQII9ll%2BYuOy%2FYR3aaHB1Qy2kFqIgw%3D%3D","environmentVariables":{"FIREBASE_CONFIG":"{\"projectId\":\"my-app-cs-f7306\",\"storageBucket\":\"my-app-cs-f7306.appspot.com\"}"},"runtime":"nodejs12","ingressSettings":"ALLOW_ALL","buildId":"db94b9a4-7cc3-41f9-b045-450a539201bc"},"versionId":"5","updateTime":"2021-07-27T22:53:34Z","buildId":"1086efc8-de89-453b-b1c5-eeaa962a76eb","buildName":"projects/167718167070/locations/us-central1/builds/1086efc8-de89-453b-b1c5-eeaa962a76eb"}}
[debug] [2021-07-27T22:54:09.144Z] [update-projects/my-app-cs-f7306/locations/us-central1/functions/nextjsFunc] Retrying task index 0
[debug] [2021-07-27T22:54:09.145Z] >>> [apiv2][query] GET https://cloudfunctions.googleapis.com/v1/operations/bXktYXBwLWNzLWY3MzA2L3VzLWNlbnRyYWwxL25leHRqc0Z1bmMvMDRuT1daaFg5bE0 [none]
[debug] [2021-07-27T22:54:09.719Z] <<< [apiv2][status] GET https://cloudfunctions.googleapis.com/v1/operations/bXktYXBwLWNzLWY3MzA2L3VzLWNlbnRyYWwxL25leHRqc0Z1bmMvMDRuT1daaFg5bE0 200
[debug] [2021-07-27T22:54:09.720Z] <<< [apiv2][body] GET https://cloudfunctions.googleapis.com/v1/operations/bXktYXBwLWNzLWY3MzA2L3VzLWNlbnRyYWwxL25leHRqc0Z1bmMvMDRuT1daaFg5bE0 {"name":"operations/bXktYXBwLWNzLWY3MzA2L3VzLWNlbnRyYWwxL25leHRqc0Z1bmMvMDRuT1daaFg5bE0","metadata":{"@type":"type.googleapis.com/google.cloud.functions.v1.OperationMetadataV1","target":"projects/my-app-cs-f7306/locations/us-central1/functions/nextjsFunc","type":"UPDATE_FUNCTION","request":{"@type":"type.googleapis.com/google.cloud.functions.v1.CloudFunction","name":"projects/my-app-cs-f7306/locations/us-central1/functions/nextjsFunc","httpsTrigger":{"url":"https://us-central1-my-app-cs-f7306.cloudfunctions.net/nextjsFunc","securityLevel":"SECURE_OPTIONAL"},"status":"ACTIVE","entryPoint":"nextjsFunc","timeout":"60s","availableMemoryMb":256,"serviceAccountEmail":"my-app-cs-f7306@appspot.gserviceaccount.com","updateTime":"2021-07-27T22:02:56.249Z","versionId":"4","labels":{"deployment-tool":"cli-firebase"},"sourceUploadUrl":"https://storage.googleapis.com/gcf-upload-us-central1-61ce0b32-dcf8-499f-84b9-60b80f7c13d2/aa1daf35-691a-4525-96cf-39713ea03e83.zip?GoogleAccessId=service-167718167070@gcf-admin-robot.iam.gserviceaccount.com&Expires=1627428207&Signature=rMIT2s7SbEDimjZ4nAIpAz5B2WT4q2pbEpODN2EWTKLu7CT6Ko5CbR%2FlB4Osx2dzyhsStLMvXUMMKHviIeq%2BNWSaU6%2Fn1jVLIp9AugFnpVJ0lO2hYZOpFjmLX88nexqScL48XTjwQtiEF21OalYBuo6pgxImCuZYfQvzZdXXzcYH86mj98fJmSQI5dZtQQw%2FFC1glqr1izy7VT7l3rpAP3ePsjsP5IkGmrZDpQNxemxdqYFuCLyfUCzEGEMHy3YbJA4Ckq79K3W6dPGNBTMJV36hcA81bhwN3GhVV5VTfyNCI86Ygs9PjXTRxQII9ll%2BYuOy%2FYR3aaHB1Qy2kFqIgw%3D%3D","environmentVariables":{"FIREBASE_CONFIG":"{\"projectId\":\"my-app-cs-f7306\",\"storageBucket\":\"my-app-cs-f7306.appspot.com\"}"},"runtime":"nodejs12","ingressSettings":"ALLOW_ALL","buildId":"db94b9a4-7cc3-41f9-b045-450a539201bc"},"versionId":"5","updateTime":"2021-07-27T22:53:34Z","buildId":"1086efc8-de89-453b-b1c5-eeaa962a76eb","buildName":"projects/167718167070/locations/us-central1/builds/1086efc8-de89-453b-b1c5-eeaa962a76eb"}}
[debug] [2021-07-27T22:54:41.721Z] [update-projects/my-app-cs-f7306/locations/us-central1/functions/nextjsFunc] Retrying task index 0
[debug] [2021-07-27T22:54:41.722Z] >>> [apiv2][query] GET https://cloudfunctions.googleapis.com/v1/operations/bXktYXBwLWNzLWY3MzA2L3VzLWNlbnRyYWwxL25leHRqc0Z1bmMvMDRuT1daaFg5bE0 [none]
[debug] [2021-07-27T22:54:42.226Z] <<< [apiv2][status] GET https://cloudfunctions.googleapis.com/v1/operations/bXktYXBwLWNzLWY3MzA2L3VzLWNlbnRyYWwxL25leHRqc0Z1bmMvMDRuT1daaFg5bE0 200
[debug] [2021-07-27T22:54:42.227Z] <<< [apiv2][body] GET https://cloudfunctions.googleapis.com/v1/operations/bXktYXBwLWNzLWY3MzA2L3VzLWNlbnRyYWwxL25leHRqc0Z1bmMvMDRuT1daaFg5bE0 {"name":"operations/bXktYXBwLWNzLWY3MzA2L3VzLWNlbnRyYWwxL25leHRqc0Z1bmMvMDRuT1daaFg5bE0","metadata":{"@type":"type.googleapis.com/google.cloud.functions.v1.OperationMetadataV1","target":"projects/my-app-cs-f7306/locations/us-central1/functions/nextjsFunc","type":"UPDATE_FUNCTION","request":{"@type":"type.googleapis.com/google.cloud.functions.v1.CloudFunction","name":"projects/my-app-cs-f7306/locations/us-central1/functions/nextjsFunc","httpsTrigger":{"url":"https://us-central1-my-app-cs-f7306.cloudfunctions.net/nextjsFunc","securityLevel":"SECURE_OPTIONAL"},"status":"ACTIVE","entryPoint":"nextjsFunc","timeout":"60s","availableMemoryMb":256,"serviceAccountEmail":"my-app-cs-f7306@appspot.gserviceaccount.com","updateTime":"2021-07-27T22:02:56.249Z","versionId":"4","labels":{"deployment-tool":"cli-firebase"},"sourceUploadUrl":"https://storage.googleapis.com/gcf-upload-us-central1-61ce0b32-dcf8-499f-84b9-60b80f7c13d2/aa1daf35-691a-4525-96cf-39713ea03e83.zip?GoogleAccessId=service-167718167070@gcf-admin-robot.iam.gserviceaccount.com&Expires=1627428207&Signature=rMIT2s7SbEDimjZ4nAIpAz5B2WT4q2pbEpODN2EWTKLu7CT6Ko5CbR%2FlB4Osx2dzyhsStLMvXUMMKHviIeq%2BNWSaU6%2Fn1jVLIp9AugFnpVJ0lO2hYZOpFjmLX88nexqScL48XTjwQtiEF21OalYBuo6pgxImCuZYfQvzZdXXzcYH86mj98fJmSQI5dZtQQw%2FFC1glqr1izy7VT7l3rpAP3ePsjsP5IkGmrZDpQNxemxdqYFuCLyfUCzEGEMHy3YbJA4Ckq79K3W6dPGNBTMJV36hcA81bhwN3GhVV5VTfyNCI86Ygs9PjXTRxQII9ll%2BYuOy%2FYR3aaHB1Qy2kFqIgw%3D%3D","environmentVariables":{"FIREBASE_CONFIG":"{\"projectId\":\"my-app-cs-f7306\",\"storageBucket\":\"my-app-cs-f7306.appspot.com\"}"},"runtime":"nodejs12","ingressSettings":"ALLOW_ALL","buildId":"db94b9a4-7cc3-41f9-b045-450a539201bc"},"versionId":"5","updateTime":"2021-07-27T22:53:34Z","buildId":"1086efc8-de89-453b-b1c5-eeaa962a76eb","buildName":"projects/167718167070/locations/us-central1/builds/1086efc8-de89-453b-b1c5-eeaa962a76eb"}}
